
* Started at 2023-07-19T16:39:41.582514Z

* Settings
Project dir: /Users/ttresansky/Projects/compilation-avoidance-experiment
Output dir: /Users/ttresansky/Projects/compilation-avoidance-experiment/results/nonAbiChange/bazel
Profiler: none
Benchmark: true
Versions: []
Gradle User Home: /Users/ttresansky/Projects/compilation-avoidance-experiment/gradle-user-home
Targets: [nonAbiChange]
Warm-ups: 5
Builds: 10

* Scenarios
Scenario: nonAbiChange using bazel
  Targets: [build, --profile, bazel-profile/bazel.profile.gz, //...]
  Build changes: [ApplyNonAbiChangeToSourceFileMutator(/Users/ttresansky/Projects/compilation-avoidance-experiment/project0/src/main/java/org/gradle/test/performance/compilationavoidanceexperiment/project0/p0/Production0.java)]
  Warm-ups: 5
  Builds: 10

* Running scenario nonAbiChange using bazel (scenario 1/1)

* Running warm-up build #1
Running command bazel build --profile bazel-profile/bazel.profile.gz //...
ERROR: Error while creating profile file: /Users/ttresansky/Projects/compilation-avoidance-experiment/bazel-profile/bazel.profile.gz (No such file or directory)
Loading: 
Loading: 
Loading: 0 packages loaded
Analyzing: 33 targets (0 packages loaded, 0 targets configured)
INFO: Analyzed 33 targets (0 packages loaded, 30 targets configured).
INFO: Found 33 targets...
[22 / 40] [Prepa] BazelWorkspaceStatusAction stable-status.txt ... (10 actions, 5 running)
ERROR: /Users/ttresansky/Projects/compilation-avoidance-experiment/project8/BUILD.bazel:4:13: Building project8/libproject8.jar (10 source files) failed: (Exit 1): java failed: error executing command (from target //project8:project8) external/remotejdk11_macos_aarch64/bin/java -XX:-CompactStrings '--add-exports=jdk.compiler/com.sun.tools.javac.api=ALL-UNNAMED' '--add-exports=jdk.compiler/com.sun.tools.javac.main=ALL-UNNAMED' ... (remaining 18 arguments skipped)
project8/src/main/java/org/gradle/test/performance/compilationavoidanceexperiment/project8/p4/Production80.java:3: error: package org.gradle.test.performance.compilationavoidanceexperiment.project0.p0 does not exist
import org.gradle.test.performance.compilationavoidanceexperiment.project0.p0.Production0;
                                                                             ^
project8/src/main/java/org/gradle/test/performance/compilationavoidanceexperiment/project8/p4/Production80.java:7: error: cannot find symbol
    private Production0 property0 = new Production0();
            ^
  symbol:   class Production0
  location: class Production80
project8/src/main/java/org/gradle/test/performance/compilationavoidanceexperiment/project8/p4/Production80.java:9: error: cannot find symbol
    public Production0 getProperty0() {
           ^
  symbol:   class Production0
  location: class Production80
project8/src/main/java/org/gradle/test/performance/compilationavoidanceexperiment/project8/p4/Production80.java:13: error: cannot find symbol
    public void setProperty0(Production0 value) {
                             ^
  symbol:   class Production0
  location: class Production80
project8/src/main/java/org/gradle/test/performance/compilationavoidanceexperiment/project8/p4/Production81.java:3: error: package org.gradle.test.performance.compilationavoidanceexperiment.project0.p0 does not exist
import org.gradle.test.performance.compilationavoidanceexperiment.project0.p0.Production0;
                                                                             ^
project8/src/main/java/org/gradle/test/performance/compilationavoidanceexperiment/project8/p4/Production81.java:7: error: cannot find symbol
    private Production0 property0 = new Production0();
            ^
  symbol:   class Production0
  location: class Production81
project8/src/main/java/org/gradle/test/performance/compilationavoidanceexperiment/project8/p4/Production81.java:9: error: cannot find symbol
    public Production0 getProperty0() {
           ^
  symbol:   class Production0
  location: class Production81
project8/src/main/java/org/gradle/test/performance/compilationavoidanceexperiment/project8/p4/Production81.java:13: error: cannot find symbol
    public void setProperty0(Production0 value) {
                             ^
  symbol:   class Production0
  location: class Production81
project8/src/main/java/org/gradle/test/performance/compilationavoidanceexperiment/project8/p4/Production82.java:3: error: package org.gradle.test.performance.compilationavoidanceexperiment.project0.p0 does not exist
import org.gradle.test.performance.compilationavoidanceexperiment.project0.p0.Production0;
                                                                             ^
project8/src/main/java/org/gradle/test/performance/compilationavoidanceexperiment/project8/p4/Production82.java:7: error: cannot find symbol
    private Production0 property0 = new Production0();
            ^
  symbol:   class Production0
  location: class Production82
project8/src/main/java/org/gradle/test/performance/compilationavoidanceexperiment/project8/p4/Production82.java:9: error: cannot find symbol
    public Production0 getProperty0() {
           ^
  symbol:   class Production0
  location: class Production82
project8/src/main/java/org/gradle/test/performance/compilationavoidanceexperiment/project8/p4/Production82.java:13: error: cannot find symbol
    public void setProperty0(Production0 value) {
                             ^
  symbol:   class Production0
  location: class Production82
project8/src/main/java/org/gradle/test/performance/compilationavoidanceexperiment/project8/p4/Production84.java:3: error: package org.gradle.test.performance.compilationavoidanceexperiment.project0.p0 does not exist
import org.gradle.test.performance.compilationavoidanceexperiment.project0.p0.Production0;
                                                                             ^
project8/src/main/java/org/gradle/test/performance/compilationavoidanceexperiment/project8/p4/Production84.java:7: error: cannot find symbol
    private Production0 property0 = new Production0();
            ^
  symbol:   class Production0
  location: class Production84
project8/src/main/java/org/gradle/test/performance/compilationavoidanceexperiment/project8/p4/Production84.java:9: error: cannot find symbol
    public Production0 getProperty0() {
           ^
  symbol:   class Production0
  location: class Production84
project8/src/main/java/org/gradle/test/performance/compilationavoidanceexperiment/project8/p4/Production84.java:13: error: cannot find symbol
    public void setProperty0(Production0 value) {
                             ^
  symbol:   class Production0
  location: class Production84
project8/src/main/java/org/gradle/test/performance/compilationavoidanceexperiment/project8/p4/Production85.java:3: error: package org.gradle.test.performance.compilationavoidanceexperiment.project0.p0 does not exist
import org.gradle.test.performance.compilationavoidanceexperiment.project0.p0.Production0;
                                                                             ^
project8/src/main/java/org/gradle/test/performance/compilationavoidanceexperiment/project8/p4/Production85.java:7: error: cannot find symbol
    private Production0 property0 = new Production0();
            ^
  symbol:   class Production0
  location: class Production85
project8/src/main/java/org/gradle/test/performance/compilationavoidanceexperiment/project8/p4/Production85.java:9: error: cannot find symbol
    public Production0 getProperty0() {
           ^
  symbol:   class Production0
  location: class Production85
project8/src/main/java/org/gradle/test/performance/compilationavoidanceexperiment/project8/p4/Production85.java:13: error: cannot find symbol
    public void setProperty0(Production0 value) {
                             ^
  symbol:   class Production0
  location: class Production85
project8/src/main/java/org/gradle/test/performance/compilationavoidanceexperiment/project8/p4/Production86.java:3: error: package org.gradle.test.performance.compilationavoidanceexperiment.project0.p0 does not exist
import org.gradle.test.performance.compilationavoidanceexperiment.project0.p0.Production0;
                                                                             ^
project8/src/main/java/org/gradle/test/performance/compilationavoidanceexperiment/project8/p4/Production86.java:7: error: cannot find symbol
    private Production0 property0 = new Production0();
            ^
  symbol:   class Production0
  location: class Production86
project8/src/main/java/org/gradle/test/performance/compilationavoidanceexperiment/project8/p4/Production86.java:9: error: cannot find symbol
    public Production0 getProperty0() {
           ^
  symbol:   class Production0
  location: class Production86
project8/src/main/java/org/gradle/test/performance/compilationavoidanceexperiment/project8/p4/Production86.java:13: error: cannot find symbol
    public void setProperty0(Production0 value) {
                             ^
  symbol:   class Production0
  location: class Production86
project8/src/main/java/org/gradle/test/performance/compilationavoidanceexperiment/project8/p4/Production88.java:3: error: package org.gradle.test.performance.compilationavoidanceexperiment.project0.p0 does not exist
import org.gradle.test.performance.compilationavoidanceexperiment.project0.p0.Production0;
                                                                             ^
project8/src/main/java/org/gradle/test/performance/compilationavoidanceexperiment/project8/p4/Production88.java:7: error: cannot find symbol
    private Production0 property0 = new Production0();
            ^
  symbol:   class Production0
  location: class Production88
project8/src/main/java/org/gradle/test/performance/compilationavoidanceexperiment/project8/p4/Production88.java:9: error: cannot find symbol
    public Production0 getProperty0() {
           ^
  symbol:   class Production0
  location: class Production88
project8/src/main/java/org/gradle/test/performance/compilationavoidanceexperiment/project8/p4/Production88.java:13: error: cannot find symbol
    public void setProperty0(Production0 value) {
                             ^
  symbol:   class Production0
  location: class Production88
project8/src/main/java/org/gradle/test/performance/compilationavoidanceexperiment/project8/p4/Production89.java:3: error: package org.gradle.test.performance.compilationavoidanceexperiment.project0.p0 does not exist
import org.gradle.test.performance.compilationavoidanceexperiment.project0.p0.Production0;
                                                                             ^
project8/src/main/java/org/gradle/test/performance/compilationavoidanceexperiment/project8/p4/Production89.java:7: error: cannot find symbol
    private Production0 property0 = new Production0();
            ^
  symbol:   class Production0
  location: class Production89
project8/src/main/java/org/gradle/test/performance/compilationavoidanceexperiment/project8/p4/Production89.java:9: error: cannot find symbol
    public Production0 getProperty0() {
           ^
  symbol:   class Production0
  location: class Production89
project8/src/main/java/org/gradle/test/performance/compilationavoidanceexperiment/project8/p4/Production89.java:13: error: cannot find symbol
    public void setProperty0(Production0 value) {
                             ^
  symbol:   class Production0
  location: class Production89
project8/src/main/java/org/gradle/test/performance/compilationavoidanceexperiment/project8/p4/Production80.java:7: error: cannot find symbol
    private Production0 property0 = new Production0();
                                        ^
  symbol:   class Production0
  location: class Production80
project8/src/main/java/org/gradle/test/performance/compilationavoidanceexperiment/project8/p4/Production81.java:7: error: cannot find symbol
    private Production0 property0 = new Production0();
                                        ^
  symbol:   class Production0
  location: class Production81
project8/src/main/java/org/gradle/test/performance/compilationavoidanceexperiment/project8/p4/Production82.java:7: error: cannot find symbol
    private Production0 property0 = new Production0();
                                        ^
  symbol:   class Production0
  location: class Production82
project8/src/main/java/org/gradle/test/performance/compilationavoidanceexperiment/project8/p4/Production84.java:7: error: cannot find symbol
    private Production0 property0 = new Production0();
                                        ^
  symbol:   class Production0
  location: class Production84
project8/src/main/java/org/gradle/test/performance/compilationavoidanceexperiment/project8/p4/Production85.java:7: error: cannot find symbol
    private Production0 property0 = new Production0();
                                        ^
  symbol:   class Production0
  location: class Production85
project8/src/main/java/org/gradle/test/performance/compilationavoidanceexperiment/project8/p4/Production86.java:7: error: cannot find symbol
    private Production0 property0 = new Production0();
                                        ^
  symbol:   class Production0
  location: class Production86
project8/src/main/java/org/gradle/test/performance/compilationavoidanceexperiment/project8/p4/Production88.java:7: error: cannot find symbol
    private Production0 property0 = new Production0();
                                        ^
  symbol:   class Production0
  location: class Production88
project8/src/main/java/org/gradle/test/performance/compilationavoidanceexperiment/project8/p4/Production89.java:7: error: cannot find symbol
    private Production0 property0 = new Production0();
                                        ^
  symbol:   class Production0
  location: class Production89
INFO: Elapsed time: 7.450s, Critical Path: 0.35s
INFO: 12 processes: 12 internal.
FAILED: Build did NOT complete successfully
java.lang.RuntimeException: Could not run command bazel build --profile bazel-profile/bazel.profile.gz //...
Output:
======
ERROR: Error while creating profile file: /Users/ttresansky/Projects/compilation-avoidance-experiment/bazel-profile/bazel.profile.gz (No such file or directory)
Loading: 
Loading: 
Loading: 0 packages loaded
Analyzing: 33 targets (0 packages loaded, 0 targets configured)
INFO: Analyzed 33 targets (0 packages loaded, 30 targets configured).
INFO: Found 33 targets...
[22 / 40] [Prepa] BazelWorkspaceStatusAction stable-status.txt ... (10 actions, 5 running)
ERROR: /Users/ttresansky/Projects/compilation-avoidance-experiment/project8/BUILD.bazel:4:13: Building project8/libproject8.jar (10 source files) failed: (Exit 1): java failed: error executing command (from target //project8:project8) external/remotejdk11_macos_aarch64/bin/java -XX:-CompactStrings '--add-exports=jdk.compiler/com.sun.tools.javac.api=ALL-UNNAMED' '--add-exports=jdk.compiler/com.sun.tools.javac.main=ALL-UNNAMED' ... (remaining 18 arguments skipped)
project8/src/main/java/org/gradle/test/performance/compilationavoidanceexperiment/project8/p4/Production80.java:3: error: package org.gradle.test.performance.compilationavoidanceexperiment.project0.p0 does not exist
import org.gradle.test.performance.compilationavoidanceexperiment.project0.p0.Production0;
                                                                             ^
project8/src/main/java/org/gradle/test/performance/compilationavoidanceexperiment/project8/p4/Production80.java:7: error: cannot find symbol
    private Production0 property0 = new Production0();
            ^
  symbol:   class Production0
  location: class Production80
project8/src/main/java/org/gradle/test/performance/compilationavoidanceexperiment/project8/p4/Production80.java:9: error: cannot find symbol
    public Production0 getProperty0() {
           ^
  symbol:   class Production0
  location: class Production80
project8/src/main/java/org/gradle/test/performance/compilationavoidanceexperiment/project8/p4/Production80.java:13: error: cannot find symbol
    public void setProperty0(Production0 value) {
                             ^
  symbol:   class Production0
  location: class Production80
project8/src/main/java/org/gradle/test/performance/compilationavoidanceexperiment/project8/p4/Production81.java:3: error: package org.gradle.test.performance.compilationavoidanceexperiment.project0.p0 does not exist
import org.gradle.test.performance.compilationavoidanceexperiment.project0.p0.Production0;
                                                                             ^
project8/src/main/java/org/gradle/test/performance/compilationavoidanceexperiment/project8/p4/Production81.java:7: error: cannot find symbol
    private Production0 property0 = new Production0();
            ^
  symbol:   class Production0
  location: class Production81
project8/src/main/java/org/gradle/test/performance/compilationavoidanceexperiment/project8/p4/Production81.java:9: error: cannot find symbol
    public Production0 getProperty0() {
           ^
  symbol:   class Production0
  location: class Production81
project8/src/main/java/org/gradle/test/performance/compilationavoidanceexperiment/project8/p4/Production81.java:13: error: cannot find symbol
    public void setProperty0(Production0 value) {
                             ^
  symbol:   class Production0
  location: class Production81
project8/src/main/java/org/gradle/test/performance/compilationavoidanceexperiment/project8/p4/Production82.java:3: error: package org.gradle.test.performance.compilationavoidanceexperiment.project0.p0 does not exist
import org.gradle.test.performance.compilationavoidanceexperiment.project0.p0.Production0;
                                                                             ^
project8/src/main/java/org/gradle/test/performance/compilationavoidanceexperiment/project8/p4/Production82.java:7: error: cannot find symbol
    private Production0 property0 = new Production0();
            ^
  symbol:   class Production0
  location: class Production82
project8/src/main/java/org/gradle/test/performance/compilationavoidanceexperiment/project8/p4/Production82.java:9: error: cannot find symbol
    public Production0 getProperty0() {
           ^
  symbol:   class Production0
  location: class Production82
project8/src/main/java/org/gradle/test/performance/compilationavoidanceexperiment/project8/p4/Production82.java:13: error: cannot find symbol
    public void setProperty0(Production0 value) {
                             ^
  symbol:   class Production0
  location: class Production82
project8/src/main/java/org/gradle/test/performance/compilationavoidanceexperiment/project8/p4/Production84.java:3: error: package org.gradle.test.performance.compilationavoidanceexperiment.project0.p0 does not exist
import org.gradle.test.performance.compilationavoidanceexperiment.project0.p0.Production0;
                                                                             ^
project8/src/main/java/org/gradle/test/performance/compilationavoidanceexperiment/project8/p4/Production84.java:7: error: cannot find symbol
    private Production0 property0 = new Production0();
            ^
  symbol:   class Production0
  location: class Production84
project8/src/main/java/org/gradle/test/performance/compilationavoidanceexperiment/project8/p4/Production84.java:9: error: cannot find symbol
    public Production0 getProperty0() {
           ^
  symbol:   class Production0
  location: class Production84
project8/src/main/java/org/gradle/test/performance/compilationavoidanceexperiment/project8/p4/Production84.java:13: error: cannot find symbol
    public void setProperty0(Production0 value) {
                             ^
  symbol:   class Production0
  location: class Production84
project8/src/main/java/org/gradle/test/performance/compilationavoidanceexperiment/project8/p4/Production85.java:3: error: package org.gradle.test.performance.compilationavoidanceexperiment.project0.p0 does not exist
import org.gradle.test.performance.compilationavoidanceexperiment.project0.p0.Production0;
                                                                             ^
project8/src/main/java/org/gradle/test/performance/compilationavoidanceexperiment/project8/p4/Production85.java:7: error: cannot find symbol
    private Production0 property0 = new Production0();
            ^
  symbol:   class Production0
  location: class Production85
project8/src/main/java/org/gradle/test/performance/compilationavoidanceexperiment/project8/p4/Production85.java:9: error: cannot find symbol
    public Production0 getProperty0() {
           ^
  symbol:   class Production0
  location: class Production85
project8/src/main/java/org/gradle/test/performance/compilationavoidanceexperiment/project8/p4/Production85.java:13: error: cannot find symbol
    public void setProperty0(Production0 value) {
                             ^
  symbol:   class Production0
  location: class Production85
project8/src/main/java/org/gradle/test/performance/compilationavoidanceexperiment/project8/p4/Production86.java:3: error: package org.gradle.test.performance.compilationavoidanceexperiment.project0.p0 does not exist
import org.gradle.test.performance.compilationavoidanceexperiment.project0.p0.Production0;
                                                                             ^
project8/src/main/java/org/gradle/test/performance/compilationavoidanceexperiment/project8/p4/Production86.java:7: error: cannot find symbol
    private Production0 property0 = new Production0();
            ^
  symbol:   class Production0
  location: class Production86
project8/src/main/java/org/gradle/test/performance/compilationavoidanceexperiment/project8/p4/Production86.java:9: error: cannot find symbol
    public Production0 getProperty0() {
           ^
  symbol:   class Production0
  location: class Production86
project8/src/main/java/org/gradle/test/performance/compilationavoidanceexperiment/project8/p4/Production86.java:13: error: cannot find symbol
    public void setProperty0(Production0 value) {
                             ^
  symbol:   class Production0
  location: class Production86
project8/src/main/java/org/gradle/test/performance/compilationavoidanceexperiment/project8/p4/Production88.java:3: error: package org.gradle.test.performance.compilationavoidanceexperiment.project0.p0 does not exist
import org.gradle.test.performance.compilationavoidanceexperiment.project0.p0.Production0;
                                                                             ^
project8/src/main/java/org/gradle/test/performance/compilationavoidanceexperiment/project8/p4/Production88.java:7: error: cannot find symbol
    private Production0 property0 = new Production0();
            ^
  symbol:   class Production0
  location: class Production88
project8/src/main/java/org/gradle/test/performance/compilationavoidanceexperiment/project8/p4/Production88.java:9: error: cannot find symbol
    public Production0 getProperty0() {
           ^
  symbol:   class Production0
  location: class Production88
project8/src/main/java/org/gradle/test/performance/compilationavoidanceexperiment/project8/p4/Production88.java:13: error: cannot find symbol
    public void setProperty0(Production0 value) {
                             ^
  symbol:   class Production0
  location: class Production88
project8/src/main/java/org/gradle/test/performance/compilationavoidanceexperiment/project8/p4/Production89.java:3: error: package org.gradle.test.performance.compilationavoidanceexperiment.project0.p0 does not exist
import org.gradle.test.performance.compilationavoidanceexperiment.project0.p0.Production0;
                                                                             ^
project8/src/main/java/org/gradle/test/performance/compilationavoidanceexperiment/project8/p4/Production89.java:7: error: cannot find symbol
    private Production0 property0 = new Production0();
            ^
  symbol:   class Production0
  location: class Production89
project8/src/main/java/org/gradle/test/performance/compilationavoidanceexperiment/project8/p4/Production89.java:9: error: cannot find symbol
    public Production0 getProperty0() {
           ^
  symbol:   class Production0
  location: class Production89
project8/src/main/java/org/gradle/test/performance/compilationavoidanceexperiment/project8/p4/Production89.java:13: error: cannot find symbol
    public void setProperty0(Production0 value) {
                             ^
  symbol:   class Production0
  location: class Production89
project8/src/main/java/org/gradle/test/performance/compilationavoidanceexperiment/project8/p4/Production80.java:7: error: cannot find symbol
    private Production0 property0 = new Production0();
                                        ^
  symbol:   class Production0
  location: class Production80
project8/src/main/java/org/gradle/test/performance/compilationavoidanceexperiment/project8/p4/Production81.java:7: error: cannot find symbol
    private Production0 property0 = new Production0();
                                        ^
  symbol:   class Production0
  location: class Production81
project8/src/main/java/org/gradle/test/performance/compilationavoidanceexperiment/project8/p4/Production82.java:7: error: cannot find symbol
    private Production0 property0 = new Production0();
                                        ^
  symbol:   class Production0
  location: class Production82
project8/src/main/java/org/gradle/test/performance/compilationavoidanceexperiment/project8/p4/Production84.java:7: error: cannot find symbol
    private Production0 property0 = new Production0();
                                        ^
  symbol:   class Production0
  location: class Production84
project8/src/main/java/org/gradle/test/performance/compilationavoidanceexperiment/project8/p4/Production85.java:7: error: cannot find symbol
    private Production0 property0 = new Production0();
                                        ^
  symbol:   class Production0
  location: class Production85
project8/src/main/java/org/gradle/test/performance/compilationavoidanceexperiment/project8/p4/Production86.java:7: error: cannot find symbol
    private Production0 property0 = new Production0();
                                        ^
  symbol:   class Production0
  location: class Production86
project8/src/main/java/org/gradle/test/performance/compilationavoidanceexperiment/project8/p4/Production88.java:7: error: cannot find symbol
    private Production0 property0 = new Production0();
                                        ^
  symbol:   class Production0
  location: class Production88
project8/src/main/java/org/gradle/test/performance/compilationavoidanceexperiment/project8/p4/Production89.java:7: error: cannot find symbol
    private Production0 property0 = new Production0();
                                        ^
  symbol:   class Production0
  location: class Production89
INFO: Elapsed time: 7.450s, Critical Path: 0.35s
INFO: 12 processes: 12 internal.
FAILED: Build did NOT complete successfully
======
	at org.gradle.profiler.CommandExec$RunHandle.waitForSuccess(CommandExec.java:227)
	at org.gradle.profiler.CommandExec.run(CommandExec.java:49)
	at org.gradle.profiler.BuildToolCommandLineInvoker$1.run(BuildToolCommandLineInvoker.java:49)
	at org.gradle.profiler.RunBuildStepAction.run(RunBuildStepAction.java:29)
	at org.gradle.profiler.ScenarioInvoker.runMeasured(ScenarioInvoker.java:28)
	at org.gradle.profiler.BuildToolCommandLineInvoker.doRun(BuildToolCommandLineInvoker.java:24)
	at org.gradle.profiler.bazel.BazelScenarioInvoker.run(BazelScenarioInvoker.java:20)
	at org.gradle.profiler.bazel.BazelScenarioInvoker.run(BazelScenarioInvoker.java:11)
	at org.gradle.profiler.Main.invoke(Main.java:140)
	at org.gradle.profiler.Main.run(Main.java:92)
	at org.gradle.profiler.Main.main(Main.java:37)

* Results written to /Users/ttresansky/Projects/compilation-avoidance-experiment/results/nonAbiChange/bazel
  /Users/ttresansky/Projects/compilation-avoidance-experiment/results/nonAbiChange/bazel/benchmark.csv
  /Users/ttresansky/Projects/compilation-avoidance-experiment/results/nonAbiChange/bazel/benchmark.html

